# JRE version: OpenJDK Runtime Environment AdoptOpenJDK (11.0.10+9) (build 11.0.10+9)
# Java VM: OpenJDK 64-Bit Server VM AdoptOpenJDK (11.0.10+9, mixed mode, tiered, compressed oops, g1 gc, windows-amd64)
Heap:
 garbage-first heap   total 379904K, used 64116K [0x000000008a600000, 0x0000000100000000)
  region size 1024K, 2 young (2048K), 2 survivors (2048K)
 Metaspace       used 63429K, capacity 66177K, committed 66432K, reserved 1105920K
  class space    used 8513K, capacity 9720K, committed 9856K, reserved 1048576K
GC Heap History (20 events):
Event: 6.058 GC heap after
{Heap after GC invocations=13 (full 0):
 garbage-first heap   total 120832K, used 40843K [0x000000008a600000, 0x0000000100000000)
  region size 1024K, 6 young (6144K), 6 survivors (6144K)
 Metaspace       used 60167K, capacity 62755K, committed 62976K, reserved 1103872K
  class space    used 8099K, capacity 9205K, committed 9216K, reserved 1048576K
}
Event: 6.174 GC heap before
{Heap before GC invocations=13 (full 0):
 garbage-first heap   total 120832K, used 94091K [0x000000008a600000, 0x0000000100000000)
  region size 1024K, 60 young (61440K), 6 survivors (6144K)
 Metaspace       used 60462K, capacity 62986K, committed 63232K, reserved 1103872K
  class space    used 8130K, capacity 9216K, committed 9216K, reserved 1048576K
}
Event: 6.180 GC heap after
{Heap after GC invocations=14 (full 0):
 garbage-first heap   total 120832K, used 44289K [0x000000008a600000, 0x0000000100000000)
  region size 1024K, 7 young (7168K), 7 survivors (7168K)
 Metaspace       used 60462K, capacity 62986K, committed 63232K, reserved 1103872K
  class space    used 8130K, capacity 9216K, committed 9216K, reserved 1048576K
}
Event: 6.417 GC heap before
{Heap before GC invocations=14 (full 0):
 garbage-first heap   total 120832K, used 94465K [0x000000008a600000, 0x0000000100000000)
  region size 1024K, 57 young (58368K), 7 survivors (7168K)
 Metaspace       used 62428K, capacity 65194K, committed 65408K, reserved 1105920K
  class space    used 8402K, capacity 9592K, committed 9600K, reserved 1048576K
}
Event: 6.426 GC heap after
{Heap after GC invocations=15 (full 0):
 garbage-first heap   total 145408K, used 51000K [0x000000008a600000, 0x0000000100000000)
  region size 1024K, 8 young (8192K), 8 survivors (8192K)
 Metaspace       used 62428K, capacity 65194K, committed 65408K, reserved 1105920K
  class space    used 8402K, capacity 9592K, committed 9600K, reserved 1048576K
}
Event: 6.516 GC heap before
{Heap before GC invocations=15 (full 0):
 garbage-first heap   total 145408K, used 108344K [0x000000008a600000, 0x0000000100000000)
  region size 1024K, 65 young (66560K), 8 survivors (8192K)
 Metaspace       used 62871K, capacity 65723K, committed 65792K, reserved 1105920K
  class space    used 8480K, capacity 9699K, committed 9728K, reserved 1048576K
}
Event: 6.527 GC heap after
{Heap after GC invocations=16 (full 0):
 garbage-first heap   total 145408K, used 60834K [0x000000008a600000, 0x0000000100000000)
  region size 1024K, 9 young (9216K), 9 survivors (9216K)
 Metaspace       used 62871K, capacity 65723K, committed 65792K, reserved 1105920K
  class space    used 8480K, capacity 9699K, committed 9728K, reserved 1048576K
}
Event: 6.595 GC heap before
{Heap before GC invocations=16 (full 0):
 garbage-first heap   total 145408K, used 109986K [0x000000008a600000, 0x0000000100000000)
  region size 1024K, 58 young (59392K), 9 survivors (9216K)
 Metaspace       used 63148K, capacity 65989K, committed 66048K, reserved 1105920K
  class space    used 8508K, capacity 9721K, committed 9728K, reserved 1048576K
}
Event: 6.603 GC heap after
{Heap after GC invocations=17 (full 0):
 garbage-first heap   total 145408K, used 68158K [0x000000008a600000, 0x0000000100000000)
  region size 1024K, 7 young (7168K), 7 survivors (7168K)
 Metaspace       used 63148K, capacity 65989K, committed 66048K, reserved 1105920K
  class space    used 8508K, capacity 9721K, committed 9728K, reserved 1048576K
}
Event: 6.648 GC heap before
{Heap before GC invocations=17 (full 0):
 garbage-first heap   total 145408K, used 111166K [0x000000008a600000, 0x0000000100000000)
  region size 1024K, 50 young (51200K), 7 survivors (7168K)
 Metaspace       used 63335K, capacity 66140K, committed 66432K, reserved 1105920K
  class space    used 8519K, capacity 9730K, committed 9856K, reserved 1048576K
}
Event: 6.655 GC heap after
{Heap after GC invocations=18 (full 0):
 garbage-first heap   total 145408K, used 70244K [0x000000008a600000, 0x0000000100000000)
  region size 1024K, 3 young (3072K), 3 survivors (3072K)
 Metaspace       used 63335K, capacity 66140K, committed 66432K, reserved 1105920K
  class space    used 8519K, capacity 9730K, committed 9856K, reserved 1048576K
}
Event: 6.692 GC heap before
{Heap before GC invocations=18 (full 0):
 garbage-first heap   total 145408K, used 113252K [0x000000008a600000, 0x0000000100000000)
  region size 1024K, 46 young (47104K), 3 survivors (3072K)
 Metaspace       used 63410K, capacity 66204K, committed 66432K, reserved 1105920K
  class space    used 8519K, capacity 9730K, committed 9856K, reserved 1048576K
}
Event: 6.714 GC heap after
{Heap after GC invocations=19 (full 0):
 garbage-first heap   total 195584K, used 70746K [0x000000008a600000, 0x0000000100000000)
  region size 1024K, 3 young (3072K), 3 survivors (3072K)
 Metaspace       used 63410K, capacity 66204K, committed 66432K, reserved 1105920K
  class space    used 8519K, capacity 9730K, committed 9856K, reserved 1048576K
}
Event: 6.992 GC heap before
{Heap before GC invocations=19 (full 0):
 garbage-first heap   total 195584K, used 137306K [0x000000008a600000, 0x0000000100000000)
  region size 1024K, 70 young (71680K), 3 survivors (3072K)
 Metaspace       used 63424K, capacity 66171K, committed 66432K, reserved 1105920K
  class space    used 8513K, capacity 9719K, committed 9856K, reserved 1048576K
}
Event: 6.999 GC heap after
{Heap after GC invocations=20 (full 0):
 garbage-first heap   total 195584K, used 71777K [0x000000008a600000, 0x0000000100000000)
  region size 1024K, 5 young (5120K), 5 survivors (5120K)
 Metaspace       used 63424K, capacity 66171K, committed 66432K, reserved 1105920K
  class space    used 8513K, capacity 9719K, committed 9856K, reserved 1048576K
}
Event: 7.085 GC heap before
{Heap before GC invocations=20 (full 0):
 garbage-first heap   total 195584K, used 145505K [0x000000008a600000, 0x0000000100000000)
  region size 1024K, 78 young (79872K), 5 survivors (5120K)
 Metaspace       used 63424K, capacity 66171K, committed 66432K, reserved 1105920K
  class space    used 8513K, capacity 9719K, committed 9856K, reserved 1048576K
}
Event: 7.092 GC heap after
{Heap after GC invocations=21 (full 0):
 garbage-first heap   total 195584K, used 74241K [0x000000008a600000, 0x0000000100000000)
  region size 1024K, 7 young (7168K), 7 survivors (7168K)
 Metaspace       used 63424K, capacity 66171K, committed 66432K, reserved 1105920K
  class space    used 8513K, capacity 9719K, committed 9856K, reserved 1048576K
}
Event: 7.211 GC heap before
{Heap before GC invocations=22 (full 0):
 garbage-first heap   total 195584K, used 151041K [0x000000008a600000, 0x0000000100000000)
  region size 1024K, 84 young (86016K), 7 survivors (7168K)
 Metaspace       used 63429K, capacity 66177K, committed 66432K, reserved 1105920K
  class space    used 8513K, capacity 9720K, committed 9856K, reserved 1048576K
}
Event: 7.218 GC heap after
{Heap after GC invocations=23 (full 0):
 garbage-first heap   total 195584K, used 76549K [0x000000008a600000, 0x0000000100000000)
  region size 1024K, 8 young (8192K), 8 survivors (8192K)
 Metaspace       used 63429K, capacity 66177K, committed 66432K, reserved 1105920K
  class space    used 8513K, capacity 9720K, committed 9856K, reserved 1048576K
}
Event: 7.220 GC heap before
{Heap before GC invocations=23 (full 0):
 garbage-first heap   total 195584K, used 77573K [0x000000008a600000, 0x0000000100000000)
  region size 1024K, 10 young (10240K), 8 survivors (8192K)
 Metaspace       used 63429K, capacity 66177K, committed 66432K, reserved 1105920K
  class space    used 8513K, capacity 9720K, committed 9856K, reserved 1048576K
}

